Arguments: 
  /Users/andy/.nvm/versions/node/v14.0.0/bin/node /Users/andy/.nvm/versions/node/v14.0.0/bin/yarn add browser-stack

PATH: 
  /Users/andy/.nvm/versions/node/v14.0.0/bin:/Users/andy/.rbenv/shims:/Users/andy/bin:/usr/local/bin:/usr/bin:/bin:/usr/sbin:/sbin:/Users/andy/repos/depot_tools

Yarn version: 
  1.22.4

Node version: 
  14.0.0

Platform: 
  darwin x64

Trace: 
  Error: https://registry.yarnpkg.com/browser-stack: Not found
      at Request.params.callback [as _callback] (/Users/andy/.nvm/versions/node/v14.0.0/lib/node_modules/yarn/lib/cli.js:66987:18)
      at Request.self.callback (/Users/andy/.nvm/versions/node/v14.0.0/lib/node_modules/yarn/lib/cli.js:140748:22)
      at Request.emit (events.js:315:20)
      at Request.<anonymous> (/Users/andy/.nvm/versions/node/v14.0.0/lib/node_modules/yarn/lib/cli.js:141720:10)
      at Request.emit (events.js:315:20)
      at IncomingMessage.<anonymous> (/Users/andy/.nvm/versions/node/v14.0.0/lib/node_modules/yarn/lib/cli.js:141642:12)
      at Object.onceWrapper (events.js:421:28)
      at IncomingMessage.emit (events.js:327:22)
      at endReadableNT (_stream_readable.js:1218:12)
      at processTicksAndRejections (internal/process/task_queues.js:84:21)

npm manifest: 
  No manifest

yarn manifest: 
  No manifest

Lockfile: 
  No lockfile
